Bad Checksum - idPage: 0, tyPage: 0, iPage: 0
Source      : D:\bwnCampus\DB\bwmCampus_log.ldf
Destination : C:\Users\naveed\AppData\Local\Temp\sql61DE.tmp
Repairing - verMajor: 1, verMinor: 0, verBuild: 0, verPoint: 0
Time - 2013-22-02 11:29:21.832
Database format in database header page is corrupt (or not a database file)
Bad Checksum - idPage: 0, tyPage: 0, iPage: 245
Bad Checksum - idPage: 1, tyPage: 0, iPage: 102
Bad Checksum - idPage: 3, tyPage: 0, iPage: 239
Bad Checksum - idPage: 6, tyPage: 0, iPage: 26
Bad Checksum - idPage: 8, tyPage: 0, iPage: 15
Bad Checksum - idPage: 28, tyPage: 0, iPage: 118
Bad Checksum - idPage: 29, tyPage: 0, iPage: 187
Bad Checksum - idPage: 30, tyPage: 0, iPage: 217
Bad Checksum - idPage: 31, tyPage: 0, iPage: 154
Bad Checksum - idPage: 38, tyPage: 0, iPage: 130
Bad Checksum - idPage: 39, tyPage: 0, iPage: 98
Bad Checksum - idPage: 42, tyPage: 0, iPage: 163
Bad Checksum - idPage: 46, tyPage: 4, iPage: 107
Bad Checksum - idPage: 82, tyPage: 0, iPage: 16
Bad Checksum - idPage: 98, tyPage: 0, iPage: 21
Bad Checksum - idPage: 114, tyPage: 0, iPage: 75
Bad Checksum - idPage: 138, tyPage: 0, iPage: 227
Bad Checksum - idPage: 178, tyPage: 0, iPage: 136
Bad Checksum - idPage: 220, tyPage: 0, iPage: 22
Bad Checksum - idPage: 256, tyPage: 0, iPage: 111
Bad Checksum - idPage: 257, tyPage: 0, iPage: 119
Bad Checksum - idPage: 342, tyPage: 0, iPage: 27
Bad Checksum - idPage: 362, tyPage: 0, iPage: 253
Bad Checksum - idPage: 398, tyPage: 0, iPage: 146
Bad Checksum - idPage: 406, tyPage: 0, iPage: 30
Bad Checksum - idPage: 448, tyPage: 0, iPage: 115
Bad Checksum - idPage: 456, tyPage: 0, iPage: 137
Bad Checksum - idPage: 486, tyPage: 0, iPage: 28
Bad Checksum - idPage: 513, tyPage: 0, iPage: 33
Bad Checksum - idPage: 544, tyPage: 0, iPage: 173
Bad Checksum - idPage: 636, tyPage: 0, iPage: 152
Bad Checksum - idPage: 768, tyPage: 0, iPage: 147
Bad Checksum - idPage: 848, tyPage: 0, iPage: 174
Bad Checksum - idPage: 1026, tyPage: 0, iPage: 116
Bad Checksum - idPage: 1200, tyPage: 11, iPage: 222
Bad Checksum - idPage: 1280, tyPage: 0, iPage: 124
Bad Checksum - idPage: 1996, tyPage: 0, iPage: 190
Bad Checksum - idPage: 2264, tyPage: 0, iPage: 170
Bad Checksum - idPage: 2322, tyPage: 0, iPage: 4
Bad Checksum - idPage: 2460, tyPage: 0, iPage: 66
Bad Checksum - idPage: 3976, tyPage: 0, iPage: 255
Bad Checksum - idPage: 4096, tyPage: 0, iPage: 78
Bad Checksum - idPage: 7114, tyPage: 0, iPage: 250
Bad Checksum - idPage: 8192, tyPage: 0, iPage: 172
Bad Checksum - idPage: 8384, tyPage: 0, iPage: 110
Bad Checksum - idPage: 8630, tyPage: 0, iPage: 208
Bad Checksum - idPage: 9076, tyPage: 0, iPage: 161
Bad Checksum - idPage: 9119, tyPage: 0, iPage: 112
Bad Checksum - idPage: 9728, tyPage: 0, iPage: 175
Bad Checksum - idPage: 11328, tyPage: 0, iPage: 91
Bad Checksum - idPage: 13110, tyPage: 0, iPage: 99
Bad Checksum - idPage: 13364, tyPage: 0, iPage: 232
Bad Checksum - idPage: 21571, tyPage: 2, iPage: 105
Bad Checksum - idPage: 24320, tyPage: 0, iPage: 114
Bad Checksum - idPage: 25344, tyPage: 0, iPage: 247
Bad Checksum - idPage: 25856, tyPage: 0, iPage: 215
Bad Checksum - idPage: 25959, tyPage: 5, iPage: 96
Bad Checksum - idPage: 27392, tyPage: 0, iPage: 95
Bad Checksum - idPage: 27904, tyPage: 0, iPage: 235
Bad Checksum - idPage: 28416, tyPage: 0, iPage: 85
Bad Checksum - idPage: 29440, tyPage: 0, iPage: 25
Bad Checksum - idPage: 31260, tyPage: 0, iPage: 138
Bad Checksum - idPage: 32268, tyPage: 0, iPage: 128
Bad Checksum - idPage: 65536, tyPage: 8, iPage: 29
Bad Checksum - idPage: 65537, tyPage: 15, iPage: 254
Bad Checksum - idPage: 65545, tyPage: 0, iPage: 76
Bad Checksum - idPage: 65596, tyPage: 0, iPage: 145
Bad Checksum - idPage: 65604, tyPage: 6, iPage: 106
Bad Checksum - idPage: 65607, tyPage: 0, iPage: 231
Bad Checksum - idPage: 65648, tyPage: 6, iPage: 192
Bad Checksum - idPage: 65652, tyPage: 6, iPage: 191
Bad Checksum - idPage: 96576, tyPage: 6, iPage: 142
Bad Checksum - idPage: 131072, tyPage: 0, iPage: 72
Bad Checksum - idPage: 131073, tyPage: 1, iPage: 218
Bad Checksum - idPage: 131088, tyPage: 0, iPage: 80
Bad Checksum - idPage: 131091, tyPage: 0, iPage: 149
Bad Checksum - idPage: 131098, tyPage: 0, iPage: 104
Bad Checksum - idPage: 131104, tyPage: 0, iPage: 10
Bad Checksum - idPage: 131106, tyPage: 0, iPage: 251
Bad Checksum - idPage: 131114, tyPage: 0, iPage: 240
Bad Checksum - idPage: 131126, tyPage: 0, iPage: 121
Bad Checksum - idPage: 131129, tyPage: 0, iPage: 69
Bad Checksum - idPage: 131136, tyPage: 0, iPage: 211
Bad Checksum - idPage: 131172, tyPage: 4, iPage: 71
Bad Checksum - idPage: 196608, tyPage: 0, iPage: 228
Bad Checksum - idPage: 196630, tyPage: 7, iPage: 117
Bad Checksum - idPage: 196656, tyPage: 5, iPage: 6
Bad Checksum - idPage: 196709, tyPage: 4, iPage: 7
Bad Checksum - idPage: 216914, tyPage: 4, iPage: 81
Bad Checksum - idPage: 262144, tyPage: 0, iPage: 141
Bad Checksum - idPage: 262352, tyPage: 3, iPage: 86
Bad Checksum - idPage: 278070, tyPage: 12, iPage: 67
Bad Checksum - idPage: 278400, tyPage: 4, iPage: 90
Bad Checksum - idPage: 327681, tyPage: 1, iPage: 167
Bad Checksum - idPage: 344585, tyPage: 4, iPage: 221
Bad Checksum - idPage: 347205, tyPage: 4, iPage: 185
Bad Checksum - idPage: 348739, tyPage: 4, iPage: 193
Bad Checksum - idPage: 353129, tyPage: 6, iPage: 248
Bad Checksum - idPage: 358722, tyPage: 5, iPage: 108
Bad Checksum - idPage: 393217, tyPage: 14, iPage: 100
Bad Checksum - idPage: 393330, tyPage: 7, iPage: 229
Bad Checksum - idPage: 422501, tyPage: 7, iPage: 210
Bad Checksum - idPage: 458752, tyPage: 0, iPage: 5
Bad Checksum - idPage: 524289, tyPage: 1, iPage: 13
Bad Checksum - idPage: 554081, tyPage: 6, iPage: 101
Bad Checksum - idPage: 589824, tyPage: 2, iPage: 88
Bad Checksum - idPage: 592137, tyPage: 0, iPage: 216
Bad Checksum - idPage: 620146, tyPage: 6, iPage: 8
Bad Checksum - idPage: 655361, tyPage: 14, iPage: 148
Bad Checksum - idPage: 655670, tyPage: 14, iPage: 32
Bad Checksum - idPage: 720896, tyPage: 4, iPage: 120
Bad Checksum - idPage: 720897, tyPage: 0, iPage: 24
Bad Checksum - idPage: 786432, tyPage: 8, iPage: 11
Bad Checksum - idPage: 816233, tyPage: 6, iPage: 87
Bad Checksum - idPage: 851969, tyPage: 13, iPage: 77
Bad Checksum - idPage: 917505, tyPage: 1, iPage: 201
Bad Checksum - idPage: 917612, tyPage: 6, iPage: 150
Bad Checksum - idPage: 936201, tyPage: 4, iPage: 230
Bad Checksum - idPage: 983041, tyPage: 14, iPage: 234

